<?xml version="1.0"?>
<testsuite name="Chrome 61.0.3163 (Mac OS X 10.12.6)" package="" timestamp="2017-10-30T04:25:49" id="0" hostname="Xings-MacBook-Pro.local" tests="16" errors="0" failures="0" time="0.026">
  <properties>
    <property name="browser.fullName" value="Mozilla/5.0 (Macintosh; Intel Mac OS X 10_12_6) AppleWebKit/537.36 (KHTML, like Gecko) Chrome/61.0.3163.100 Safari/537.36"/>
  </properties>
  <testcase name="Validate actions (these are functions that dispatch actions) resource should be a resource (i.e., mock a request)" time="0.008" classname="Chrome_61_0_3163_(Mac_OS_X_10_12_6).Validate actions (these are functions that dispatch actions)"/>
  <testcase name="Validate actions (these are functions that dispatch actions) resource should give me the http error" time="0" classname="Chrome_61_0_3163_(Mac_OS_X_10_12_6).Validate actions (these are functions that dispatch actions)"/>
  <testcase name="Validate actions (these are functions that dispatch actions) resource should be POSTable" time="0.001" classname="Chrome_61_0_3163_(Mac_OS_X_10_12_6).Validate actions (these are functions that dispatch actions)"/>
  <testcase name="Validate actions (these are functions that dispatch actions) should update error message (for displaying error mesage to user)" time="0" classname="Chrome_61_0_3163_(Mac_OS_X_10_12_6).Validate actions (these are functions that dispatch actions)"/>
  <testcase name="Validate actions (these are functions that dispatch actions) should update success message (for displaying success message to user)" time="0" classname="Chrome_61_0_3163_(Mac_OS_X_10_12_6).Validate actions (these are functions that dispatch actions)"/>
  <testcase name="Validate actions (these are functions that dispatch actions) should navigate (to profile, main, or landing)" time="0" classname="Chrome_61_0_3163_(Mac_OS_X_10_12_6).Validate actions (these are functions that dispatch actions)"/>
  <testcase name="Validate Article actions should fetch articles (mocked request)" time="0.001" classname="Chrome_61_0_3163_(Mac_OS_X_10_12_6).Validate Article actions"/>
  <testcase name="Validate Article actions should update the search keyword" time="0" classname="Chrome_61_0_3163_(Mac_OS_X_10_12_6).Validate Article actions"/>
  <testcase name="Validate Article actions should filter displayed articles by the search keyword" time="0.004" classname="Chrome_61_0_3163_(Mac_OS_X_10_12_6).Validate Article actions"/>
  <testcase name="Validate Authentication (involves mocked requests) should log in a user" time="0.001" classname="Chrome_61_0_3163_(Mac_OS_X_10_12_6).Validate Authentication (involves mocked requests)"/>
  <testcase name="Validate Authentication (involves mocked requests) should not log in an invalid user" time="0" classname="Chrome_61_0_3163_(Mac_OS_X_10_12_6).Validate Authentication (involves mocked requests)"/>
  <testcase name="Validate Authentication (involves mocked requests) should log out a user (state should be cleared)" time="0.001" classname="Chrome_61_0_3163_(Mac_OS_X_10_12_6).Validate Authentication (involves mocked requests)"/>
  <testcase name="Articles View (component tests) should render articles" time="0.005" classname="Chrome_61_0_3163_(Mac_OS_X_10_12_6).Articles View (component tests)"/>
  <testcase name="Articles View (component tests) should dispatch actions to create a new article" time="0.003" classname="Chrome_61_0_3163_(Mac_OS_X_10_12_6).Articles View (component tests)"/>
  <testcase name="Validate Profile actions (mocked requests) should fetch the users profile information" time="0" classname="Chrome_61_0_3163_(Mac_OS_X_10_12_6).Validate Profile actions (mocked requests)"/>
  <testcase name="Validate Profile actions (mocked requests) should update headline" time="0.002" classname="Chrome_61_0_3163_(Mac_OS_X_10_12_6).Validate Profile actions (mocked requests)"/>
  <system-out>
    <![CDATA[
]]>
  </system-out>
  <system-err/>
</testsuite>